GAS LISTING /tmp/cc5phlil.s 			page 1


   1              		.file	"main.cpp"
   2              		.option nopic
   3              		.option norelax
   4              		.attribute arch, "rv64i2p0_m2p0_a2p0"
   5              		.attribute unaligned_access, 0
   6              		.attribute stack_align, 16
   7              		.text
   8              	.Ltext0:
   9              		.file 0 "/home/sybilvane/Desktop/programiranje/41f_OS_projekat" "src/main.cpp"
  10              		.align	2
  11              		.globl	_Z8userMainv
  13              	_Z8userMainv:
  14              	.LFB10:
  15              		.file 1 "src/main.cpp"
   1:src/main.cpp  **** //
   2:src/main.cpp  **** // Created by sybilvane on 5/27/24.
   3:src/main.cpp  **** //
   4:src/main.cpp  **** 
   5:src/main.cpp  **** #include "../h/MemoryAllocator.hpp"
   6:src/main.cpp  **** #include "../h/LinkedList.hpp"
   7:src/main.cpp  **** #include "../h/riscv.hpp"
   8:src/main.cpp  **** 
   9:src/main.cpp  **** void userMain(){
  16              		.loc 1 9 16
  17              		.cfi_startproc
  18 0000 130101FF 		addi	sp,sp,-16
  19              		.cfi_def_cfa_offset 16
  20 0004 23348100 		sd	s0,8(sp)
  21              		.cfi_offset 8, -8
  22 0008 13040101 		addi	s0,sp,16
  23              		.cfi_def_cfa 8, 0
  10:src/main.cpp  **** 
  11:src/main.cpp  **** }
  24              		.loc 1 11 1 is_stmt 0
  25 000c 03348100 		ld	s0,8(sp)
  26              		.cfi_restore 8
  27              		.cfi_def_cfa 2, 16
  28 0010 13010101 		addi	sp,sp,16
  29              		.cfi_def_cfa_offset 0
  30 0014 67800000 		jr	ra
  31              		.cfi_endproc
  32              	.LFE10:
  34              		.align	2
  35              		.globl	main
  37              	main:
  38              	.LFB11:
  12:src/main.cpp  **** 
  13:src/main.cpp  **** void main(){
  39              		.loc 1 13 12 is_stmt 1
  40              		.cfi_startproc
  41 0018 130101FF 		addi	sp,sp,-16
  42              		.cfi_def_cfa_offset 16
  43 001c 23341100 		sd	ra,8(sp)
  44 0020 23308100 		sd	s0,0(sp)
  45              		.cfi_offset 1, -8
  46              		.cfi_offset 8, -16
  47 0024 13040101 		addi	s0,sp,16
GAS LISTING /tmp/cc5phlil.s 			page 2


  48              		.cfi_def_cfa 8, 0
  14:src/main.cpp  ****     userMain();
  49              		.loc 1 14 5
  15:src/main.cpp  ****     riscv::close_riscv_emulation();
  50              		.loc 1 15 5
  51              		.loc 1 15 33 is_stmt 0
  52 0028 97000000 		call	_ZN5riscv21close_riscv_emulationEv
  52      E7800000 
  53              	.LVL0:
  16:src/main.cpp  **** }...
  54              		.loc 1 16 1
  55 0030 83308100 		ld	ra,8(sp)
  56              		.cfi_restore 1
  57 0034 03340100 		ld	s0,0(sp)
  58              		.cfi_restore 8
  59              		.cfi_def_cfa 2, 16
  60 0038 13010101 		addi	sp,sp,16
  61              		.cfi_def_cfa_offset 0
  62 003c 67800000 		jr	ra
  63              		.cfi_endproc
  64              	.LFE11:
  66              	.Letext0:
  67              		.file 2 "src/../h/../lib/hw.h"
  68              		.file 3 "src/../h/riscv.hpp"
GAS LISTING /tmp/cc5phlil.s 			page 3


DEFINED SYMBOLS
                            *ABS*:0000000000000000 main.cpp
     /tmp/cc5phlil.s:13     .text:0000000000000000 _Z8userMainv
     /tmp/cc5phlil.s:17     .text:0000000000000000 .L0 
     /tmp/cc5phlil.s:18     .text:0000000000000000 $x
     /tmp/cc5phlil.s:18     .text:0000000000000000 .L0 
     /tmp/cc5phlil.s:19     .text:0000000000000004 .L0 
     /tmp/cc5phlil.s:21     .text:0000000000000008 .L0 
     /tmp/cc5phlil.s:23     .text:000000000000000c .L0 
     /tmp/cc5phlil.s:25     .text:000000000000000c .L0 
     /tmp/cc5phlil.s:26     .text:0000000000000010 .L0 
     /tmp/cc5phlil.s:27     .text:0000000000000010 .L0 
     /tmp/cc5phlil.s:29     .text:0000000000000014 .L0 
     /tmp/cc5phlil.s:31     .text:0000000000000018 .L0 
     /tmp/cc5phlil.s:37     .text:0000000000000018 main
     /tmp/cc5phlil.s:40     .text:0000000000000018 .L0 
     /tmp/cc5phlil.s:41     .text:0000000000000018 .L0 
     /tmp/cc5phlil.s:42     .text:000000000000001c .L0 
     /tmp/cc5phlil.s:45     .text:0000000000000024 .L0 
     /tmp/cc5phlil.s:46     .text:0000000000000024 .L0 
     /tmp/cc5phlil.s:48     .text:0000000000000028 .L0 
     /tmp/cc5phlil.s:50     .text:0000000000000028 .L0 
     /tmp/cc5phlil.s:51     .text:0000000000000028 .L0 
     /tmp/cc5phlil.s:52     .text:0000000000000028 .L0 
     /tmp/cc5phlil.s:55     .text:0000000000000030 .L0 
     /tmp/cc5phlil.s:56     .text:0000000000000034 .L0 
     /tmp/cc5phlil.s:58     .text:0000000000000038 .L0 
     /tmp/cc5phlil.s:59     .text:0000000000000038 .L0 
     /tmp/cc5phlil.s:61     .text:000000000000003c .L0 
     /tmp/cc5phlil.s:63     .text:0000000000000040 .L0 
     /tmp/cc5phlil.s:883    .debug_line_str:0000000000000043 .L0 
     /tmp/cc5phlil.s:883    .debug_line_str:0000000000000079 .L0 
     /tmp/cc5phlil.s:883    .debug_line_str:000000000000007d .L0 
     /tmp/cc5phlil.s:883    .debug_line_str:000000000000008d .L0 
     /tmp/cc5phlil.s:883    .debug_line_str:0000000000000096 .L0 
     /tmp/cc5phlil.s:883    .debug_line_str:000000000000009f .L0 
     /tmp/cc5phlil.s:883    .debug_line_str:00000000000000a8 .L0 
     /tmp/cc5phlil.s:883    .debug_line_str:00000000000000ad .L0 
     /tmp/cc5phlil.s:69     .text:0000000000000040 .L0 
     /tmp/cc5phlil.s:379    .debug_abbrev:0000000000000000 .Ldebug_abbrev0
     /tmp/cc5phlil.s:854    .debug_str:00000000000003f7 .LASF72
     /tmp/cc5phlil.s:879    .debug_line_str:0000000000000000 .LASF0
     /tmp/cc5phlil.s:881    .debug_line_str:000000000000000d .LASF1
     /tmp/cc5phlil.s:8      .text:0000000000000000 .Ltext0
     /tmp/cc5phlil.s:66     .text:0000000000000040 .Letext0
     /tmp/cc5phlil.s:722    .debug_line:0000000000000000 .Ldebug_line0
     /tmp/cc5phlil.s:798    .debug_str:0000000000000219 .LASF2
     /tmp/cc5phlil.s:804    .debug_str:0000000000000241 .LASF3
     /tmp/cc5phlil.s:790    .debug_str:00000000000001d2 .LASF4
     /tmp/cc5phlil.s:830    .debug_str:000000000000031c .LASF5
     /tmp/cc5phlil.s:780    .debug_str:0000000000000197 .LASF6
     /tmp/cc5phlil.s:832    .debug_str:0000000000000323 .LASF7
     /tmp/cc5phlil.s:740    .debug_str:0000000000000072 .LASF8
     /tmp/cc5phlil.s:806    .debug_str:0000000000000254 .LASF9
     /tmp/cc5phlil.s:796    .debug_str:0000000000000206 .LASF10
     /tmp/cc5phlil.s:816    .debug_str:00000000000002a9 .LASF11
     /tmp/cc5phlil.s:748    .debug_str:00000000000000aa .LASF12
GAS LISTING /tmp/cc5phlil.s 			page 4


     /tmp/cc5phlil.s:828    .debug_str:0000000000000306 .LASF13
     /tmp/cc5phlil.s:754    .debug_str:00000000000000e2 .LASF14
     /tmp/cc5phlil.s:774    .debug_str:0000000000000167 .LASF73
     /tmp/cc5phlil.s:824    .debug_str:00000000000002e5 .LASF15
     /tmp/cc5phlil.s:852    .debug_str:00000000000003d4 .LASF17
     /tmp/cc5phlil.s:826    .debug_str:00000000000002fb .LASF16
     /tmp/cc5phlil.s:876    .debug_str:000000000000059a .LASF18
     /tmp/cc5phlil.s:728    .debug_str:000000000000001a .LASF19
     /tmp/cc5phlil.s:814    .debug_str:0000000000000294 .LASF21
     /tmp/cc5phlil.s:758    .debug_str:000000000000010c .LASF23
     /tmp/cc5phlil.s:810    .debug_str:000000000000027a .LASF25
     /tmp/cc5phlil.s:834    .debug_str:0000000000000335 .LASF20
     /tmp/cc5phlil.s:870    .debug_str:0000000000000574 .LASF22
     /tmp/cc5phlil.s:840    .debug_str:000000000000035e .LASF24
     /tmp/cc5phlil.s:808    .debug_str:0000000000000267 .LASF26
     /tmp/cc5phlil.s:770    .debug_str:0000000000000159 .LASF27
     /tmp/cc5phlil.s:850    .debug_str:00000000000003c0 .LASF28
     /tmp/cc5phlil.s:724    .debug_str:0000000000000000 .LASF29
     /tmp/cc5phlil.s:750    .debug_str:00000000000000b6 .LASF30
     /tmp/cc5phlil.s:764    .debug_str:0000000000000134 .LASF31
     /tmp/cc5phlil.s:842    .debug_str:0000000000000365 .LASF32
     /tmp/cc5phlil.s:874    .debug_str:0000000000000592 .LASF33
     /tmp/cc5phlil.s:866    .debug_str:0000000000000544 .LASF34
     /tmp/cc5phlil.s:746    .debug_str:00000000000000a0 .LASF35
     /tmp/cc5phlil.s:762    .debug_str:000000000000011e .LASF36
     /tmp/cc5phlil.s:792    .debug_str:00000000000001e0 .LASF37
     /tmp/cc5phlil.s:862    .debug_str:000000000000051c .LASF38
     /tmp/cc5phlil.s:772    .debug_str:0000000000000161 .LASF39
     /tmp/cc5phlil.s:778    .debug_str:0000000000000185 .LASF40
     /tmp/cc5phlil.s:736    .debug_str:0000000000000065 .LASF41
     /tmp/cc5phlil.s:726    .debug_str:0000000000000008 .LASF42
     /tmp/cc5phlil.s:820    .debug_str:00000000000002c5 .LASF43
     /tmp/cc5phlil.s:838    .debug_str:000000000000034b .LASF44
     /tmp/cc5phlil.s:738    .debug_str:000000000000006b .LASF45
     /tmp/cc5phlil.s:800    .debug_str:0000000000000226 .LASF46
     /tmp/cc5phlil.s:872    .debug_str:0000000000000587 .LASF47
     /tmp/cc5phlil.s:768    .debug_str:0000000000000141 .LASF48
     /tmp/cc5phlil.s:782    .debug_str:000000000000019e .LASF49
     /tmp/cc5phlil.s:776    .debug_str:000000000000016d .LASF50
     /tmp/cc5phlil.s:836    .debug_str:000000000000033c .LASF51
     /tmp/cc5phlil.s:734    .debug_str:0000000000000049 .LASF52
     /tmp/cc5phlil.s:802    .debug_str:0000000000000239 .LASF53
     /tmp/cc5phlil.s:756    .debug_str:00000000000000f8 .LASF54
     /tmp/cc5phlil.s:788    .debug_str:00000000000001c5 .LASF55
     /tmp/cc5phlil.s:822    .debug_str:00000000000002cc .LASF57
     /tmp/cc5phlil.s:784    .debug_str:00000000000001a9 .LASF56
     /tmp/cc5phlil.s:730    .debug_str:0000000000000023 .LASF58
     /tmp/cc5phlil.s:732    .debug_str:000000000000003b .LASF59
     /tmp/cc5phlil.s:742    .debug_str:0000000000000079 .LASF60
     /tmp/cc5phlil.s:848    .debug_str:00000000000003b4 .LASF61
     /tmp/cc5phlil.s:752    .debug_str:00000000000000ca .LASF62
     /tmp/cc5phlil.s:744    .debug_str:0000000000000093 .LASF63
     /tmp/cc5phlil.s:844    .debug_str:0000000000000379 .LASF64
     /tmp/cc5phlil.s:856    .debug_str:00000000000004d9 .LASF65
     /tmp/cc5phlil.s:794    .debug_str:00000000000001ea .LASF66
     /tmp/cc5phlil.s:864    .debug_str:0000000000000532 .LASF67
     /tmp/cc5phlil.s:858    .debug_str:00000000000004e9 .LASF68
GAS LISTING /tmp/cc5phlil.s 			page 5


     /tmp/cc5phlil.s:786    .debug_str:00000000000001b5 .LASF69
     /tmp/cc5phlil.s:868    .debug_str:0000000000000558 .LASF70
     /tmp/cc5phlil.s:860    .debug_str:0000000000000507 .LASF74
     /tmp/cc5phlil.s:846    .debug_str:0000000000000392 .LASF75
     /tmp/cc5phlil.s:766    .debug_str:000000000000013c .LASF71
     /tmp/cc5phlil.s:812    .debug_str:000000000000028f .LASF76
     /tmp/cc5phlil.s:38     .text:0000000000000018 .LFB11
     /tmp/cc5phlil.s:64     .text:0000000000000040 .LFE11
     /tmp/cc5phlil.s:53     .text:0000000000000030 .LVL0
     /tmp/cc5phlil.s:760    .debug_str:0000000000000115 .LASF77
     /tmp/cc5phlil.s:818    .debug_str:00000000000002b8 .LASF78
     /tmp/cc5phlil.s:14     .text:0000000000000000 .LFB10
     /tmp/cc5phlil.s:32     .text:0000000000000018 .LFE10
     /tmp/cc5phlil.s:70     .debug_info:0000000000000000 .Ldebug_info0

UNDEFINED SYMBOLS
_ZN5riscv21close_riscv_emulationEv
